<?xml version="1.0" encoding="utf-8"?>
<LinearLayout xmlns:android="http://schemas.android.com/apk/res/android"
    android:orientation="vertical" android:layout_width="match_parent"
    android:layout_height="match_parent">
    <TextView
        android:layout_marginTop="30dp"
        android:layout_marginLeft="20dp"
        android:layout_width="wrap_content"
        android:layout_height="wrap_content"
        android:text="答题结果"
        android:textSize="30sp"/>
    <TextView
    android:id="@+id/test_result_totalquestions_tv"
    android:layout_marginTop="30dp"
    android:layout_marginLeft="20dp"
    android:layout_width="wrap_content"
    android:layout_height="wrap_content"
    android:textSize="30sp"/>
    <TextView
        android:id="@+id/test_result_rightquestions_tv"
        android:layout_marginTop="30dp"
        android:layout_marginLeft="20dp"
        android:layout_width="wrap_content"
        android:layout_height="wrap_content"
        android:textSize="30sp"/>
    <TextView
        android:id="@+id/test_result_success_tv"
        android:layout_marginTop="30dp"
        android:layout_marginLeft="20dp"
        android:layout_width="wrap_content"
        android:layout_height="wrap_content"
        android:textSize="30sp"/>
    <Button
        android:id="@+id/test_result_back_btn"
        android:layout_width="wrap_content"
        android:layout_height="wrap_content"
        android:layout_marginLeft="20dp"
        android:layout_marginTop="20dp"
        android:text="返回首页"/>

</LinearLayout>